CRITICAL - 2021-04-01 15:56:56 --> Invalid file: edit_employee.php
#0 C:\wamp\www\api_codeignitor\vendor\codeigniter4\framework\system\View\View.php(203): CodeIgniter\Exceptions\FrameworkException::forInvalidFile('edit_employee.p...')
#1 C:\wamp\www\api_codeignitor\vendor\codeigniter4\framework\system\Common.php(1217): CodeIgniter\View\View->render('edit_employee', Array, true)
#2 C:\wamp\www\api_codeignitor\app\Controllers\employeeCrud.php(35): view('edit_employee', Array)
#3 C:\wamp\www\api_codeignitor\vendor\codeigniter4\framework\system\CodeIgniter.php(936): App\Controllers\EmployeeCrud->singleemployee('2')
#4 C:\wamp\www\api_codeignitor\vendor\codeigniter4\framework\system\CodeIgniter.php(432): CodeIgniter\CodeIgniter->runController(Object(App\Controllers\EmployeeCrud))
#5 C:\wamp\www\api_codeignitor\vendor\codeigniter4\framework\system\CodeIgniter.php(333): CodeIgniter\CodeIgniter->handleRequest(NULL, Object(Config\Cache), false)
#6 C:\wamp\www\api_codeignitor\public\index.php(44): CodeIgniter\CodeIgniter->run()
#7 C:\wamp\www\api_codeignitor\vendor\codeigniter4\framework\system\Commands\Server\rewrite.php(45): require_once('C:\\wamp\\www\\api...')
#8 {main}
CRITICAL - 2021-04-01 16:13:21 --> Invalid file: edit_employee.php
#0 C:\wamp\www\api_codeignitor\vendor\codeigniter4\framework\system\View\View.php(203): CodeIgniter\Exceptions\FrameworkException::forInvalidFile('edit_employee.p...')
#1 C:\wamp\www\api_codeignitor\vendor\codeigniter4\framework\system\Common.php(1217): CodeIgniter\View\View->render('edit_employee', Array, true)
#2 C:\wamp\www\api_codeignitor\app\Controllers\employeeCrud.php(35): view('edit_employee', Array)
#3 C:\wamp\www\api_codeignitor\vendor\codeigniter4\framework\system\CodeIgniter.php(936): App\Controllers\EmployeeCrud->singleemployee('1')
#4 C:\wamp\www\api_codeignitor\vendor\codeigniter4\framework\system\CodeIgniter.php(432): CodeIgniter\CodeIgniter->runController(Object(App\Controllers\EmployeeCrud))
#5 C:\wamp\www\api_codeignitor\vendor\codeigniter4\framework\system\CodeIgniter.php(333): CodeIgniter\CodeIgniter->handleRequest(NULL, Object(Config\Cache), false)
#6 C:\wamp\www\api_codeignitor\public\index.php(44): CodeIgniter\CodeIgniter->run()
#7 C:\wamp\www\api_codeignitor\vendor\codeigniter4\framework\system\Commands\Server\rewrite.php(45): require_once('C:\\wamp\\www\\api...')
#8 {main}
CRITICAL - 2021-04-01 16:14:21 --> Invalid file: edit_employee.php
#0 C:\wamp\www\api_codeignitor\vendor\codeigniter4\framework\system\View\View.php(203): CodeIgniter\Exceptions\FrameworkException::forInvalidFile('edit_employee.p...')
#1 C:\wamp\www\api_codeignitor\vendor\codeigniter4\framework\system\Common.php(1217): CodeIgniter\View\View->render('edit_employee', Array, true)
#2 C:\wamp\www\api_codeignitor\app\Controllers\employeeCrud.php(35): view('edit_employee', Array)
#3 C:\wamp\www\api_codeignitor\vendor\codeigniter4\framework\system\CodeIgniter.php(936): App\Controllers\EmployeeCrud->singleemployee('1')
#4 C:\wamp\www\api_codeignitor\vendor\codeigniter4\framework\system\CodeIgniter.php(432): CodeIgniter\CodeIgniter->runController(Object(App\Controllers\EmployeeCrud))
#5 C:\wamp\www\api_codeignitor\vendor\codeigniter4\framework\system\CodeIgniter.php(333): CodeIgniter\CodeIgniter->handleRequest(NULL, Object(Config\Cache), false)
#6 C:\wamp\www\api_codeignitor\public\index.php(44): CodeIgniter\CodeIgniter->run()
#7 C:\wamp\www\api_codeignitor\vendor\codeigniter4\framework\system\Commands\Server\rewrite.php(45): require_once('C:\\wamp\\www\\api...')
#8 {main}
CRITICAL - 2021-04-01 16:16:27 --> Invalid file: edit_employee.php
#0 C:\wamp\www\api_codeignitor\vendor\codeigniter4\framework\system\View\View.php(203): CodeIgniter\Exceptions\FrameworkException::forInvalidFile('edit_employee.p...')
#1 C:\wamp\www\api_codeignitor\vendor\codeigniter4\framework\system\Common.php(1217): CodeIgniter\View\View->render('edit_employee', Array, true)
#2 C:\wamp\www\api_codeignitor\app\Controllers\employeeCrud.php(35): view('edit_employee', Array)
#3 C:\wamp\www\api_codeignitor\vendor\codeigniter4\framework\system\CodeIgniter.php(936): App\Controllers\EmployeeCrud->singleemployee('1')
#4 C:\wamp\www\api_codeignitor\vendor\codeigniter4\framework\system\CodeIgniter.php(432): CodeIgniter\CodeIgniter->runController(Object(App\Controllers\EmployeeCrud))
#5 C:\wamp\www\api_codeignitor\vendor\codeigniter4\framework\system\CodeIgniter.php(333): CodeIgniter\CodeIgniter->handleRequest(NULL, Object(Config\Cache), false)
#6 C:\wamp\www\api_codeignitor\public\index.php(44): CodeIgniter\CodeIgniter->run()
#7 C:\wamp\www\api_codeignitor\vendor\codeigniter4\framework\system\Commands\Server\rewrite.php(45): require_once('C:\\wamp\\www\\api...')
#8 {main}
CRITICAL - 2021-04-01 16:21:44 --> Invalid file: edit_employee.php
#0 C:\wamp\www\api_codeignitor\vendor\codeigniter4\framework\system\View\View.php(203): CodeIgniter\Exceptions\FrameworkException::forInvalidFile('edit_employee.p...')
#1 C:\wamp\www\api_codeignitor\vendor\codeigniter4\framework\system\Common.php(1217): CodeIgniter\View\View->render('edit_employee', Array, true)
#2 C:\wamp\www\api_codeignitor\app\Controllers\employeeCrud.php(35): view('edit_employee', Array)
#3 C:\wamp\www\api_codeignitor\vendor\codeigniter4\framework\system\CodeIgniter.php(936): App\Controllers\EmployeeCrud->singleemployee('1')
#4 C:\wamp\www\api_codeignitor\vendor\codeigniter4\framework\system\CodeIgniter.php(432): CodeIgniter\CodeIgniter->runController(Object(App\Controllers\EmployeeCrud))
#5 C:\wamp\www\api_codeignitor\vendor\codeigniter4\framework\system\CodeIgniter.php(333): CodeIgniter\CodeIgniter->handleRequest(NULL, Object(Config\Cache), false)
#6 C:\wamp\www\api_codeignitor\public\index.php(44): CodeIgniter\CodeIgniter->run()
#7 C:\wamp\www\api_codeignitor\vendor\codeigniter4\framework\system\Commands\Server\rewrite.php(45): require_once('C:\\wamp\\www\\api...')
#8 {main}
CRITICAL - 2021-04-01 16:21:50 --> Invalid file: edit_employee.php
#0 C:\wamp\www\api_codeignitor\vendor\codeigniter4\framework\system\View\View.php(203): CodeIgniter\Exceptions\FrameworkException::forInvalidFile('edit_employee.p...')
#1 C:\wamp\www\api_codeignitor\vendor\codeigniter4\framework\system\Common.php(1217): CodeIgniter\View\View->render('edit_employee', Array, true)
#2 C:\wamp\www\api_codeignitor\app\Controllers\employeeCrud.php(35): view('edit_employee', Array)
#3 C:\wamp\www\api_codeignitor\vendor\codeigniter4\framework\system\CodeIgniter.php(936): App\Controllers\EmployeeCrud->singleemployee('1')
#4 C:\wamp\www\api_codeignitor\vendor\codeigniter4\framework\system\CodeIgniter.php(432): CodeIgniter\CodeIgniter->runController(Object(App\Controllers\EmployeeCrud))
#5 C:\wamp\www\api_codeignitor\vendor\codeigniter4\framework\system\CodeIgniter.php(333): CodeIgniter\CodeIgniter->handleRequest(NULL, Object(Config\Cache), false)
#6 C:\wamp\www\api_codeignitor\public\index.php(44): CodeIgniter\CodeIgniter->run()
#7 C:\wamp\www\api_codeignitor\vendor\codeigniter4\framework\system\Commands\Server\rewrite.php(45): require_once('C:\\wamp\\www\\api...')
#8 {main}
CRITICAL - 2021-04-01 16:22:20 --> Invalid file: edit_employee.php
#0 C:\wamp\www\api_codeignitor\vendor\codeigniter4\framework\system\View\View.php(203): CodeIgniter\Exceptions\FrameworkException::forInvalidFile('edit_employee.p...')
#1 C:\wamp\www\api_codeignitor\vendor\codeigniter4\framework\system\Common.php(1217): CodeIgniter\View\View->render('edit_employee', Array, true)
#2 C:\wamp\www\api_codeignitor\app\Controllers\employeeCrud.php(35): view('edit_employee', Array)
#3 C:\wamp\www\api_codeignitor\vendor\codeigniter4\framework\system\CodeIgniter.php(936): App\Controllers\EmployeeCrud->singleemployee('3')
#4 C:\wamp\www\api_codeignitor\vendor\codeigniter4\framework\system\CodeIgniter.php(432): CodeIgniter\CodeIgniter->runController(Object(App\Controllers\EmployeeCrud))
#5 C:\wamp\www\api_codeignitor\vendor\codeigniter4\framework\system\CodeIgniter.php(333): CodeIgniter\CodeIgniter->handleRequest(NULL, Object(Config\Cache), false)
#6 C:\wamp\www\api_codeignitor\public\index.php(44): CodeIgniter\CodeIgniter->run()
#7 C:\wamp\www\api_codeignitor\vendor\codeigniter4\framework\system\Commands\Server\rewrite.php(45): require_once('C:\\wamp\\www\\api...')
#8 {main}
CRITICAL - 2021-04-01 16:23:31 --> Invalid file: edit_employee.php
#0 C:\wamp\www\api_codeignitor\vendor\codeigniter4\framework\system\View\View.php(203): CodeIgniter\Exceptions\FrameworkException::forInvalidFile('edit_employee.p...')
#1 C:\wamp\www\api_codeignitor\vendor\codeigniter4\framework\system\Common.php(1217): CodeIgniter\View\View->render('edit_employee', Array, true)
#2 C:\wamp\www\api_codeignitor\app\Controllers\employeeCrud.php(35): view('edit_employee', Array)
#3 C:\wamp\www\api_codeignitor\vendor\codeigniter4\framework\system\CodeIgniter.php(936): App\Controllers\EmployeeCrud->singleemployee('3')
#4 C:\wamp\www\api_codeignitor\vendor\codeigniter4\framework\system\CodeIgniter.php(432): CodeIgniter\CodeIgniter->runController(Object(App\Controllers\EmployeeCrud))
#5 C:\wamp\www\api_codeignitor\vendor\codeigniter4\framework\system\CodeIgniter.php(333): CodeIgniter\CodeIgniter->handleRequest(NULL, Object(Config\Cache), false)
#6 C:\wamp\www\api_codeignitor\public\index.php(44): CodeIgniter\CodeIgniter->run()
#7 C:\wamp\www\api_codeignitor\vendor\codeigniter4\framework\system\Commands\Server\rewrite.php(45): require_once('C:\\wamp\\www\\api...')
#8 {main}
CRITICAL - 2021-04-01 16:28:38 --> Invalid file: edit_employee.php
#0 C:\wamp\www\api_codeignitor\vendor\codeigniter4\framework\system\View\View.php(203): CodeIgniter\Exceptions\FrameworkException::forInvalidFile('edit_employee.p...')
#1 C:\wamp\www\api_codeignitor\vendor\codeigniter4\framework\system\Common.php(1217): CodeIgniter\View\View->render('edit_employee', Array, true)
#2 C:\wamp\www\api_codeignitor\app\Controllers\employeeCrud.php(35): view('edit_employee', Array)
#3 C:\wamp\www\api_codeignitor\vendor\codeigniter4\framework\system\CodeIgniter.php(936): App\Controllers\EmployeeCrud->singleemployee('2')
#4 C:\wamp\www\api_codeignitor\vendor\codeigniter4\framework\system\CodeIgniter.php(432): CodeIgniter\CodeIgniter->runController(Object(App\Controllers\EmployeeCrud))
#5 C:\wamp\www\api_codeignitor\vendor\codeigniter4\framework\system\CodeIgniter.php(333): CodeIgniter\CodeIgniter->handleRequest(NULL, Object(Config\Cache), false)
#6 C:\wamp\www\api_codeignitor\public\index.php(44): CodeIgniter\CodeIgniter->run()
#7 C:\wamp\www\api_codeignitor\vendor\codeigniter4\framework\system\Commands\Server\rewrite.php(45): require_once('C:\\wamp\\www\\api...')
#8 {main}
